c:\users\majo\desktop\škola\2ndyear\2ndquartile\c++ 3d rendering\mge\mge_v17_student_version\_vs2015\debug_dynamic_build\vc140.pdb
c:\users\majo\desktop\škola\2ndyear\2ndquartile\c++ 3d rendering\mge\mge_v17_student_version\_vs2015\debug_dynamic_build\vc140.idb
c:\users\majo\desktop\škola\2ndyear\2ndquartile\c++ 3d rendering\mge\mge_v17_student_version\_vs2015\debug_dynamic_build\main.obj
c:\users\majo\desktop\škola\2ndyear\2ndquartile\c++ 3d rendering\mge\mge_v17_student_version\_vs2015\debug_dynamic_build\abstractbehaviour.obj
c:\users\majo\desktop\škola\2ndyear\2ndquartile\c++ 3d rendering\mge\mge_v17_student_version\_vs2015\debug_dynamic_build\keysbehaviour.obj
c:\users\majo\desktop\škola\2ndyear\2ndquartile\c++ 3d rendering\mge\mge_v17_student_version\_vs2015\debug_dynamic_build\lookat.obj
c:\users\majo\desktop\škola\2ndyear\2ndquartile\c++ 3d rendering\mge\mge_v17_student_version\_vs2015\debug_dynamic_build\rotatingbehaviour.obj
c:\users\majo\desktop\škola\2ndyear\2ndquartile\c++ 3d rendering\mge\mge_v17_student_version\_vs2015\debug_dynamic_build\abstractgame.obj
c:\users\majo\desktop\škola\2ndyear\2ndquartile\c++ 3d rendering\mge\mge_v17_student_version\_vs2015\debug_dynamic_build\camera.obj
c:\users\majo\desktop\škola\2ndyear\2ndquartile\c++ 3d rendering\mge\mge_v17_student_version\_vs2015\debug_dynamic_build\gameobject.obj
c:\users\majo\desktop\škola\2ndyear\2ndquartile\c++ 3d rendering\mge\mge_v17_student_version\_vs2015\debug_dynamic_build\mesh.obj
c:\users\majo\desktop\škola\2ndyear\2ndquartile\c++ 3d rendering\mge\mge_v17_student_version\_vs2015\debug_dynamic_build\renderer.obj
c:\users\majo\desktop\škola\2ndyear\2ndquartile\c++ 3d rendering\mge\mge_v17_student_version\_vs2015\debug_dynamic_build\shaderprogram.obj
c:\users\majo\desktop\škola\2ndyear\2ndquartile\c++ 3d rendering\mge\mge_v17_student_version\_vs2015\debug_dynamic_build\texture.obj
c:\users\majo\desktop\škola\2ndyear\2ndquartile\c++ 3d rendering\mge\mge_v17_student_version\_vs2015\debug_dynamic_build\world.obj
c:\users\majo\desktop\škola\2ndyear\2ndquartile\c++ 3d rendering\mge\mge_v17_student_version\_vs2015\debug_dynamic_build\abstractmaterial.obj
c:\users\majo\desktop\škola\2ndyear\2ndquartile\c++ 3d rendering\mge\mge_v17_student_version\_vs2015\debug_dynamic_build\colormaterial.obj
c:\users\majo\desktop\škola\2ndyear\2ndquartile\c++ 3d rendering\mge\mge_v17_student_version\_vs2015\debug_dynamic_build\texturematerial.obj
c:\users\majo\desktop\škola\2ndyear\2ndquartile\c++ 3d rendering\mge\mge_v17_student_version\_vs2015\debug_dynamic_build\mgedemo.obj
c:\users\majo\desktop\škola\2ndyear\2ndquartile\c++ 3d rendering\mge\mge_v17_student_version\_vs2015\debug_dynamic_build\debughud.obj
c:\users\majo\desktop\škola\2ndyear\2ndquartile\c++ 3d rendering\assignments\assignment_2\_vs2015\debug_dynamic_build\vc140.pdb
c:\users\majo\desktop\škola\2ndyear\2ndquartile\c++ 3d rendering\assignments\assignment_2\_vs2015\debug_dynamic_build\vc140.idb
c:\users\majo\desktop\škola\2ndyear\2ndquartile\c++ 3d rendering\assignments\assignment_2\_vs2015\debug_dynamic_build\main.obj
c:\users\majo\desktop\škola\2ndyear\2ndquartile\c++ 3d rendering\assignments\assignment_2\_vs2015\debug_dynamic_build\abstractbehaviour.obj
c:\users\majo\desktop\škola\2ndyear\2ndquartile\c++ 3d rendering\assignments\assignment_2\_vs2015\debug_dynamic_build\keysbehaviour.obj
c:\users\majo\desktop\škola\2ndyear\2ndquartile\c++ 3d rendering\assignments\assignment_2\_vs2015\debug_dynamic_build\lookat.obj
c:\users\majo\desktop\škola\2ndyear\2ndquartile\c++ 3d rendering\assignments\assignment_2\_vs2015\debug_dynamic_build\rotatingbehaviour.obj
c:\users\majo\desktop\škola\2ndyear\2ndquartile\c++ 3d rendering\assignments\assignment_2\_vs2015\debug_dynamic_build\abstractgame.obj
c:\users\majo\desktop\škola\2ndyear\2ndquartile\c++ 3d rendering\assignments\assignment_2\_vs2015\debug_dynamic_build\camera.obj
c:\users\majo\desktop\škola\2ndyear\2ndquartile\c++ 3d rendering\assignments\assignment_2\_vs2015\debug_dynamic_build\gameobject.obj
c:\users\majo\desktop\škola\2ndyear\2ndquartile\c++ 3d rendering\assignments\assignment_2\_vs2015\debug_dynamic_build\mesh.obj
c:\users\majo\desktop\škola\2ndyear\2ndquartile\c++ 3d rendering\assignments\assignment_2\_vs2015\debug_dynamic_build\renderer.obj
c:\users\majo\desktop\škola\2ndyear\2ndquartile\c++ 3d rendering\assignments\assignment_2\_vs2015\debug_dynamic_build\shaderprogram.obj
c:\users\majo\desktop\škola\2ndyear\2ndquartile\c++ 3d rendering\assignments\assignment_2\_vs2015\debug_dynamic_build\texture.obj
c:\users\majo\desktop\škola\2ndyear\2ndquartile\c++ 3d rendering\assignments\assignment_2\_vs2015\debug_dynamic_build\world.obj
c:\users\majo\desktop\škola\2ndyear\2ndquartile\c++ 3d rendering\assignments\assignment_2\_vs2015\debug_dynamic_build\abstractmaterial.obj
c:\users\majo\desktop\škola\2ndyear\2ndquartile\c++ 3d rendering\assignments\assignment_2\_vs2015\debug_dynamic_build\colormaterial.obj
c:\users\majo\desktop\škola\2ndyear\2ndquartile\c++ 3d rendering\assignments\assignment_2\_vs2015\debug_dynamic_build\texturematerial.obj
c:\users\majo\desktop\škola\2ndyear\2ndquartile\c++ 3d rendering\assignments\assignment_2\_vs2015\debug_dynamic_build\mgedemo.obj
c:\users\majo\desktop\škola\2ndyear\2ndquartile\c++ 3d rendering\assignments\assignment_2\_vs2015\debug_dynamic_build\debughud.obj
c:\users\majo\desktop\škola\2ndyear\2ndquartile\c++ 3d rendering\assignments\assignment_2\_vs2015\debug_dynamic_build\cameraorbit.obj
c:\users\majo\desktop\škola\2ndyear\2ndquartile\c++ 3d rendering\mge\mge_v17_student_version\_vs2015\debug_dynamic_exe\mge.ilk
c:\users\majo\desktop\škola\2ndyear\2ndquartile\c++ 3d rendering\mge\mge_v17_student_version\_vs2015\debug_dynamic_exe\mge.exe
c:\users\majo\desktop\škola\2ndyear\2ndquartile\c++ 3d rendering\mge\mge_v17_student_version\_vs2015\debug_dynamic_exe\mge.pdb
c:\users\majo\desktop\škola\2ndyear\2ndquartile\c++ 3d rendering\assignments\assignment_2\_vs2015\debug_dynamic_exe\mge.ilk
c:\users\majo\desktop\škola\2ndyear\2ndquartile\c++ 3d rendering\assignments\assignment_2\_vs2015\debug_dynamic_exe\mge.exe
c:\users\majo\desktop\škola\2ndyear\2ndquartile\c++ 3d rendering\assignments\assignment_2\_vs2015\debug_dynamic_exe\mge.pdb
c:\users\majo\desktop\škola\2ndyear\2ndquartile\c++ 3d rendering\assignments\assignment_2\_vs2015\debug_dynamic_exe/mge.exe
c:\users\majo\desktop\škola\2ndyear\2ndquartile\c++ 3d rendering\assignments\assignment_2\_vs2015\debug_dynamic_build\mge.tlog\cl.command.1.tlog
c:\users\majo\desktop\škola\2ndyear\2ndquartile\c++ 3d rendering\assignments\assignment_2\_vs2015\debug_dynamic_build\mge.tlog\cl.read.1.tlog
c:\users\majo\desktop\škola\2ndyear\2ndquartile\c++ 3d rendering\assignments\assignment_2\_vs2015\debug_dynamic_build\mge.tlog\cl.write.1.tlog
c:\users\majo\desktop\škola\2ndyear\2ndquartile\c++ 3d rendering\assignments\assignment_2\_vs2015\debug_dynamic_build\mge.tlog\link.command.1.tlog
c:\users\majo\desktop\škola\2ndyear\2ndquartile\c++ 3d rendering\assignments\assignment_2\_vs2015\debug_dynamic_build\mge.tlog\link.read.1.tlog
c:\users\majo\desktop\škola\2ndyear\2ndquartile\c++ 3d rendering\assignments\assignment_2\_vs2015\debug_dynamic_build\mge.tlog\link.write.1.tlog
